<?xml version="1.0" encoding="UTF-8"?>
<testsuite xmlns:xsi="http://www.w3.org/2001/XMLSchema-instance" xsi:noNamespaceSchemaLocation="https://maven.apache.org/surefire/maven-surefire-plugin/xsd/surefire-test-report.xsd" name="com.automation.conditionsJunit" time="0.594" tests="40" errors="0" skipped="0" failures="37">
  <properties>
[...]
</properties>
  <testcase name="scenario_01 on scenario_01(com.automation.conditionsJunit)" classname="com.automation.conditionsJunit" time="0.009">
    <failure type="java.lang.AssertionError">java.lang.AssertionError
	at com.automation.conditionsJunit.scenario_01(conditionsJunit.java:27)
</failure>
    <system-out><![CDATA[Start Testing...
]]></system-out>
  </testcase>
  <testcase name="scenario_02 on scenario_02(com.automation.conditionsJunit)" classname="com.automation.conditionsJunit" time="0">
    <failure type="java.lang.AssertionError">java.lang.AssertionError
	at com.automation.conditionsJunit.scenario_02(conditionsJunit.java:32)
</failure>
    <system-out><![CDATA[Start Testing...
]]></system-out>
  </testcase>
  <testcase name="scenario_03 on scenario_03(com.automation.conditionsJunit)" classname="com.automation.conditionsJunit" time="0">
    <failure type="java.lang.AssertionError">java.lang.AssertionError
	at com.automation.conditionsJunit.scenario_03(conditionsJunit.java:37)
</failure>
    <system-out><![CDATA[Start Testing...
]]></system-out>
  </testcase>
  <testcase name="scenario_04 on scenario_04(com.automation.conditionsJunit)" classname="com.automation.conditionsJunit" time="0.001">
    <failure type="java.lang.AssertionError">java.lang.AssertionError
	at com.automation.conditionsJunit.scenario_04(conditionsJunit.java:42)
</failure>
    <system-out><![CDATA[Start Testing...
]]></system-out>
  </testcase>
  <testcase name="scenario_05 on scenario_05(com.automation.conditionsJunit)" classname="com.automation.conditionsJunit" time="0">
    <failure type="java.lang.AssertionError">java.lang.AssertionError
	at com.automation.conditionsJunit.scenario_05(conditionsJunit.java:47)
</failure>
    <system-out><![CDATA[Start Testing...
]]></system-out>
  </testcase>
  <testcase name="scenario_06 on scenario_06(com.automation.conditionsJunit)" classname="com.automation.conditionsJunit" time="0"/>
  <testcase name="scenario_07 on scenario_07(com.automation.conditionsJunit)" classname="com.automation.conditionsJunit" time="0.001">
    <failure message="Index 6 out of bounds for length 5" type="java.lang.ArrayIndexOutOfBoundsException">java.lang.ArrayIndexOutOfBoundsException: Index 6 out of bounds for length 5
	at com.automation.conditionsJunit.scenario_07(conditionsJunit.java:57)
</failure>
    <system-out><![CDATA[Start Testing...
]]></system-out>
  </testcase>
  <testcase name="scenario_08 on scenario_08(com.automation.conditionsJunit)" classname="com.automation.conditionsJunit" time="0.001">
    <failure type="java.lang.AssertionError">java.lang.AssertionError
	at com.automation.conditionsJunit.scenario_08(conditionsJunit.java:62)
</failure>
    <system-out><![CDATA[Start Testing...
]]></system-out>
  </testcase>
  <testcase name="scenario_09 on scenario_09(com.automation.conditionsJunit)" classname="com.automation.conditionsJunit" time="0.001">
    <failure type="java.lang.AssertionError">java.lang.AssertionError
	at com.automation.conditionsJunit.scenario_09(conditionsJunit.java:67)
</failure>
    <system-out><![CDATA[Start Testing...
]]></system-out>
  </testcase>
  <testcase name="scenario_10 on scenario_10(com.automation.conditionsJunit)" classname="com.automation.conditionsJunit" time="0.001">
    <failure type="java.lang.AssertionError">java.lang.AssertionError
	at com.automation.conditionsJunit.scenario_10(conditionsJunit.java:72)
</failure>
    <system-out><![CDATA[Start Testing...
]]></system-out>
  </testcase>
  <testcase name="scenario_11 on scenario_11(com.automation.conditionsJunit)" classname="com.automation.conditionsJunit" time="0"/>
  <testcase name="scenario_12 on scenario_12(com.automation.conditionsJunit)" classname="com.automation.conditionsJunit" time="0.001">
    <failure message="Index 6 out of bounds for length 3" type="java.lang.ArrayIndexOutOfBoundsException">java.lang.ArrayIndexOutOfBoundsException: Index 6 out of bounds for length 3
	at com.automation.conditionsJunit.scenario_12(conditionsJunit.java:82)
</failure>
    <system-out><![CDATA[Start Testing...
]]></system-out>
  </testcase>
  <testcase name="scenario_13 on scenario_13(com.automation.conditionsJunit)" classname="com.automation.conditionsJunit" time="0">
    <failure message="Index 6 out of bounds for length 3" type="java.lang.ArrayIndexOutOfBoundsException">java.lang.ArrayIndexOutOfBoundsException: Index 6 out of bounds for length 3
	at com.automation.conditionsJunit.scenario_13(conditionsJunit.java:87)
</failure>
    <system-out><![CDATA[Start Testing...
]]></system-out>
  </testcase>
  <testcase name="scenario_14 on scenario_14(com.automation.conditionsJunit)" classname="com.automation.conditionsJunit" time="0.001">
    <failure type="java.lang.AssertionError">java.lang.AssertionError
	at com.automation.conditionsJunit.scenario_14(conditionsJunit.java:92)
</failure>
    <system-out><![CDATA[Start Testing...
]]></system-out>
  </testcase>
  <testcase name="scenario_15 on scenario_15(com.automation.conditionsJunit)" classname="com.automation.conditionsJunit" time="0.001"/>
  <testcase name="scenario_16 on scenario_16(com.automation.conditionsJunit)" classname="com.automation.conditionsJunit" time="0.001">
    <failure type="java.lang.AssertionError">java.lang.AssertionError
	at com.automation.conditionsJunit.scenario_16(conditionsJunit.java:102)
</failure>
    <system-out><![CDATA[Start Testing...
]]></system-out>
  </testcase>
  <testcase name="scenario_17 on scenario_17(com.automation.conditionsJunit)" classname="com.automation.conditionsJunit" time="0.002">
    <failure type="java.lang.AssertionError">java.lang.AssertionError
	at com.automation.conditionsJunit.scenario_17(conditionsJunit.java:107)
</failure>
    <system-out><![CDATA[Start Testing...
]]></system-out>
  </testcase>
  <testcase name="scenario_18 on scenario_18(com.automation.conditionsJunit)" classname="com.automation.conditionsJunit" time="0.001">
    <failure type="java.lang.AssertionError">java.lang.AssertionError
	at com.automation.conditionsJunit.scenario_18(conditionsJunit.java:112)
</failure>
    <system-out><![CDATA[Start Testing...
]]></system-out>
  </testcase>
  <testcase name="scenario_19 on scenario_19(com.automation.conditionsJunit)" classname="com.automation.conditionsJunit" time="0">
    <failure type="java.lang.AssertionError">java.lang.AssertionError
	at com.automation.conditionsJunit.scenario_19(conditionsJunit.java:117)
</failure>
    <system-out><![CDATA[Start Testing...
]]></system-out>
  </testcase>
  <testcase name="scenario_20 on scenario_20(com.automation.conditionsJunit)" classname="com.automation.conditionsJunit" time="0.001">
    <failure type="java.lang.AssertionError">java.lang.AssertionError
	at com.automation.conditionsJunit.scenario_20(conditionsJunit.java:125)
</failure>
    <system-out><![CDATA[Start Testing...
]]></system-out>
  </testcase>
  <testcase name="scenario_21 on scenario_21(com.automation.conditionsJunit)" classname="com.automation.conditionsJunit" time="0.001">
    <failure type="java.lang.AssertionError">java.lang.AssertionError
	at com.automation.conditionsJunit.scenario_21(conditionsJunit.java:130)
</failure>
    <system-out><![CDATA[Start Testing...
]]></system-out>
  </testcase>
  <testcase name="scenario_22 on scenario_22(com.automation.conditionsJunit)" classname="com.automation.conditionsJunit" time="0">
    <failure type="java.lang.AssertionError">java.lang.AssertionError
	at com.automation.conditionsJunit.scenario_22(conditionsJunit.java:135)
</failure>
    <system-out><![CDATA[Start Testing...
]]></system-out>
  </testcase>
  <testcase name="scenario_23 on scenario_23(com.automation.conditionsJunit)" classname="com.automation.conditionsJunit" time="0.001">
    <failure type="java.lang.AssertionError">java.lang.AssertionError
	at com.automation.conditionsJunit.scenario_23(conditionsJunit.java:140)
</failure>
    <system-out><![CDATA[Start Testing...
]]></system-out>
  </testcase>
  <testcase name="scenario_24 on scenario_24(com.automation.conditionsJunit)" classname="com.automation.conditionsJunit" time="0">
    <failure type="java.lang.AssertionError">java.lang.AssertionError
	at com.automation.conditionsJunit.scenario_24(conditionsJunit.java:145)
</failure>
    <system-out><![CDATA[Start Testing...
]]></system-out>
  </testcase>
  <testcase name="scenario_25 on scenario_25(com.automation.conditionsJunit)" classname="com.automation.conditionsJunit" time="0.001">
    <failure type="java.lang.AssertionError">java.lang.AssertionError
	at com.automation.conditionsJunit.scenario_25(conditionsJunit.java:150)
</failure>
    <system-out><![CDATA[Start Testing...
]]></system-out>
  </testcase>
  <testcase name="scenario_26 on scenario_26(com.automation.conditionsJunit)" classname="com.automation.conditionsJunit" time="0">
    <failure type="java.lang.AssertionError">java.lang.AssertionError
	at com.automation.conditionsJunit.scenario_26(conditionsJunit.java:155)
</failure>
    <system-out><![CDATA[Start Testing...
]]></system-out>
  </testcase>
  <testcase name="scenario_27 on scenario_27(com.automation.conditionsJunit)" classname="com.automation.conditionsJunit" time="0.001">
    <failure type="java.lang.AssertionError">java.lang.AssertionError
	at com.automation.conditionsJunit.scenario_27(conditionsJunit.java:160)
</failure>
    <system-out><![CDATA[Start Testing...
]]></system-out>
  </testcase>
  <testcase name="scenario_28 on scenario_28(com.automation.conditionsJunit)" classname="com.automation.conditionsJunit" time="0">
    <failure type="java.lang.AssertionError">java.lang.AssertionError
	at com.automation.conditionsJunit.scenario_28(conditionsJunit.java:165)
</failure>
    <system-out><![CDATA[Start Testing...
]]></system-out>
  </testcase>
  <testcase name="scenario_29 on scenario_29(com.automation.conditionsJunit)" classname="com.automation.conditionsJunit" time="0">
    <failure type="java.lang.AssertionError">java.lang.AssertionError
	at com.automation.conditionsJunit.scenario_29(conditionsJunit.java:170)
</failure>
    <system-out><![CDATA[Start Testing...
]]></system-out>
  </testcase>
  <testcase name="scenario_30 on scenario_30(com.automation.conditionsJunit)" classname="com.automation.conditionsJunit" time="0.001">
    <failure type="java.lang.AssertionError">java.lang.AssertionError
	at com.automation.conditionsJunit.scenario_30(conditionsJunit.java:175)
</failure>
    <system-out><![CDATA[Start Testing...
]]></system-out>
  </testcase>
  <testcase name="scenario_31 on scenario_31(com.automation.conditionsJunit)" classname="com.automation.conditionsJunit" time="0.001">
    <failure type="java.lang.AssertionError">java.lang.AssertionError
	at com.automation.conditionsJunit.scenario_31(conditionsJunit.java:180)
</failure>
    <system-out><![CDATA[Start Testing...
]]></system-out>
  </testcase>
  <testcase name="scenario_32 on scenario_32(com.automation.conditionsJunit)" classname="com.automation.conditionsJunit" time="0">
    <failure type="java.lang.AssertionError">java.lang.AssertionError
	at com.automation.conditionsJunit.scenario_32(conditionsJunit.java:185)
</failure>
    <system-out><![CDATA[Start Testing...
]]></system-out>
  </testcase>
  <testcase name="scenario_33 on scenario_33(com.automation.conditionsJunit)" classname="com.automation.conditionsJunit" time="0.001">
    <failure type="java.lang.AssertionError">java.lang.AssertionError
	at com.automation.conditionsJunit.scenario_33(conditionsJunit.java:190)
</failure>
    <system-out><![CDATA[Start Testing...
]]></system-out>
  </testcase>
  <testcase name="scenario_34 on scenario_34(com.automation.conditionsJunit)" classname="com.automation.conditionsJunit" time="0.001">
    <failure type="java.lang.AssertionError">java.lang.AssertionError
	at com.automation.conditionsJunit.scenario_34(conditionsJunit.java:195)
</failure>
    <system-out><![CDATA[Start Testing...
]]></system-out>
  </testcase>
  <testcase name="scenario_35 on scenario_35(com.automation.conditionsJunit)" classname="com.automation.conditionsJunit" time="0">
    <failure type="java.lang.AssertionError">java.lang.AssertionError
	at com.automation.conditionsJunit.scenario_35(conditionsJunit.java:200)
</failure>
    <system-out><![CDATA[Start Testing...
]]></system-out>
  </testcase>
  <testcase name="scenario_36 on scenario_36(com.automation.conditionsJunit)" classname="com.automation.conditionsJunit" time="0.001">
    <failure type="java.lang.AssertionError">java.lang.AssertionError
	at com.automation.conditionsJunit.scenario_36(conditionsJunit.java:205)
</failure>
    <system-out><![CDATA[Start Testing...
]]></system-out>
  </testcase>
  <testcase name="scenario_37 on scenario_37(com.automation.conditionsJunit)" classname="com.automation.conditionsJunit" time="0">
    <failure type="java.lang.AssertionError">java.lang.AssertionError
	at com.automation.conditionsJunit.scenario_37(conditionsJunit.java:210)
</failure>
    <system-out><![CDATA[Start Testing...
]]></system-out>
  </testcase>
  <testcase name="scenario_38 on scenario_38(com.automation.conditionsJunit)" classname="com.automation.conditionsJunit" time="0.001">
    <failure type="java.lang.AssertionError">java.lang.AssertionError
	at com.automation.conditionsJunit.scenario_38(conditionsJunit.java:215)
</failure>
    <system-out><![CDATA[Start Testing...
]]></system-out>
  </testcase>
  <testcase name="scenario_39 on scenario_39(com.automation.conditionsJunit)" classname="com.automation.conditionsJunit" time="0.001">
    <failure type="java.lang.AssertionError">java.lang.AssertionError
	at com.automation.conditionsJunit.scenario_39(conditionsJunit.java:220)
</failure>
    <system-out><![CDATA[Start Testing...
]]></system-out>
  </testcase>
  <testcase name="scenario_40 on scenario_40(com.automation.conditionsJunit)" classname="com.automation.conditionsJunit" time="0.001">
    <failure type="java.lang.AssertionError">java.lang.AssertionError
	at com.automation.conditionsJunit.scenario_40(conditionsJunit.java:225)
</failure>
    <system-out><![CDATA[Start Testing...
]]></system-out>
  </testcase>
</testsuite>