<?xml version="1.0" encoding="UTF-8"?>
<testsuite xmlns:xsi="http://www.w3.org/2001/XMLSchema-instance" xsi:noNamespaceSchemaLocation="https://maven.apache.org/surefire/maven-surefire-plugin/xsd/surefire-test-report.xsd" name="com.automation.conditionsJunit" time="0.506" tests="19" errors="0" skipped="0" failures="16">
  <properties>
[...]
</properties>
  <testcase name="scenario_01 on scenario_01(com.automation.conditionsJunit)" classname="com.automation.conditionsJunit" time="0.008">
    <failure type="java.lang.AssertionError">java.lang.AssertionError
	at com.automation.conditionsJunit.scenario_01(conditionsJunit.java:25)
</failure>
    <system-out><![CDATA[Start Testing...
]]></system-out>
  </testcase>
  <testcase name="scenario_02 on scenario_02(com.automation.conditionsJunit)" classname="com.automation.conditionsJunit" time="0">
    <failure type="java.lang.AssertionError">java.lang.AssertionError
	at com.automation.conditionsJunit.scenario_02(conditionsJunit.java:30)
</failure>
    <system-out><![CDATA[Start Testing...
]]></system-out>
  </testcase>
  <testcase name="scenario_03 on scenario_03(com.automation.conditionsJunit)" classname="com.automation.conditionsJunit" time="0">
    <failure type="java.lang.AssertionError">java.lang.AssertionError
	at com.automation.conditionsJunit.scenario_03(conditionsJunit.java:35)
</failure>
    <system-out><![CDATA[Start Testing...
]]></system-out>
  </testcase>
  <testcase name="scenario_04 on scenario_04(com.automation.conditionsJunit)" classname="com.automation.conditionsJunit" time="0">
    <failure type="java.lang.AssertionError">java.lang.AssertionError
	at com.automation.conditionsJunit.scenario_04(conditionsJunit.java:40)
</failure>
    <system-out><![CDATA[Start Testing...
]]></system-out>
  </testcase>
  <testcase name="scenario_05 on scenario_05(com.automation.conditionsJunit)" classname="com.automation.conditionsJunit" time="0">
    <failure type="java.lang.AssertionError">java.lang.AssertionError
	at com.automation.conditionsJunit.scenario_05(conditionsJunit.java:45)
</failure>
    <system-out><![CDATA[Start Testing...
]]></system-out>
  </testcase>
  <testcase name="scenario_06 on scenario_06(com.automation.conditionsJunit)" classname="com.automation.conditionsJunit" time="0.001"/>
  <testcase name="scenario_07 on scenario_07(com.automation.conditionsJunit)" classname="com.automation.conditionsJunit" time="0">
    <failure message="Index 6 out of bounds for length 5" type="java.lang.ArrayIndexOutOfBoundsException">java.lang.ArrayIndexOutOfBoundsException: Index 6 out of bounds for length 5
	at com.automation.conditionsJunit.scenario_07(conditionsJunit.java:55)
</failure>
    <system-out><![CDATA[Start Testing...
]]></system-out>
  </testcase>
  <testcase name="scenario_08 on scenario_08(com.automation.conditionsJunit)" classname="com.automation.conditionsJunit" time="0">
    <failure type="java.lang.AssertionError">java.lang.AssertionError
	at com.automation.conditionsJunit.scenario_08(conditionsJunit.java:60)
</failure>
    <system-out><![CDATA[Start Testing...
]]></system-out>
  </testcase>
  <testcase name="scenario_09 on scenario_09(com.automation.conditionsJunit)" classname="com.automation.conditionsJunit" time="0.001">
    <failure type="java.lang.AssertionError">java.lang.AssertionError
	at com.automation.conditionsJunit.scenario_09(conditionsJunit.java:65)
</failure>
    <system-out><![CDATA[Start Testing...
]]></system-out>
  </testcase>
  <testcase name="scenario_10 on scenario_10(com.automation.conditionsJunit)" classname="com.automation.conditionsJunit" time="0.001">
    <failure type="java.lang.AssertionError">java.lang.AssertionError
	at com.automation.conditionsJunit.scenario_10(conditionsJunit.java:70)
</failure>
    <system-out><![CDATA[Start Testing...
]]></system-out>
  </testcase>
  <testcase name="scenario_11 on scenario_11(com.automation.conditionsJunit)" classname="com.automation.conditionsJunit" time="0.001"/>
  <testcase name="scenario_12 on scenario_12(com.automation.conditionsJunit)" classname="com.automation.conditionsJunit" time="0.001">
    <failure message="Index 6 out of bounds for length 3" type="java.lang.ArrayIndexOutOfBoundsException">java.lang.ArrayIndexOutOfBoundsException: Index 6 out of bounds for length 3
	at com.automation.conditionsJunit.scenario_12(conditionsJunit.java:80)
</failure>
    <system-out><![CDATA[Start Testing...
]]></system-out>
  </testcase>
  <testcase name="scenario_13 on scenario_13(com.automation.conditionsJunit)" classname="com.automation.conditionsJunit" time="0.001">
    <failure message="Index 6 out of bounds for length 3" type="java.lang.ArrayIndexOutOfBoundsException">java.lang.ArrayIndexOutOfBoundsException: Index 6 out of bounds for length 3
	at com.automation.conditionsJunit.scenario_13(conditionsJunit.java:85)
</failure>
    <system-out><![CDATA[Start Testing...
]]></system-out>
  </testcase>
  <testcase name="scenario_14 on scenario_14(com.automation.conditionsJunit)" classname="com.automation.conditionsJunit" time="0">
    <failure type="java.lang.AssertionError">java.lang.AssertionError
	at com.automation.conditionsJunit.scenario_14(conditionsJunit.java:90)
</failure>
    <system-out><![CDATA[Start Testing...
]]></system-out>
  </testcase>
  <testcase name="scenario_15 on scenario_15(com.automation.conditionsJunit)" classname="com.automation.conditionsJunit" time="0.001"/>
  <testcase name="scenario_16 on scenario_16(com.automation.conditionsJunit)" classname="com.automation.conditionsJunit" time="0.003">
    <failure type="java.lang.AssertionError">java.lang.AssertionError
	at com.automation.conditionsJunit.scenario_16(conditionsJunit.java:100)
</failure>
    <system-out><![CDATA[Start Testing...
]]></system-out>
  </testcase>
  <testcase name="scenario_17 on scenario_17(com.automation.conditionsJunit)" classname="com.automation.conditionsJunit" time="0.001">
    <failure type="java.lang.AssertionError">java.lang.AssertionError
	at com.automation.conditionsJunit.scenario_17(conditionsJunit.java:105)
</failure>
    <system-out><![CDATA[Start Testing...
]]></system-out>
  </testcase>
  <testcase name="scenario_18 on scenario_18(com.automation.conditionsJunit)" classname="com.automation.conditionsJunit" time="0.002">
    <failure type="java.lang.AssertionError">java.lang.AssertionError
	at com.automation.conditionsJunit.scenario_18(conditionsJunit.java:110)
</failure>
    <system-out><![CDATA[Start Testing...
]]></system-out>
  </testcase>
  <testcase name="scenario_19 on scenario_19(com.automation.conditionsJunit)" classname="com.automation.conditionsJunit" time="0">
    <failure type="java.lang.AssertionError">java.lang.AssertionError
	at com.automation.conditionsJunit.scenario_19(conditionsJunit.java:115)
</failure>
    <system-out><![CDATA[Start Testing...
]]></system-out>
  </testcase>
</testsuite>